<?xml version="1.0" encoding="UTF-8"?>
<testsuite name="com.sidequest.data.transcription.TranscriptionProxyIntegrationTest" tests="2" skipped="0" failures="1" errors="0" timestamp="2026-06-29T18:05:06" hostname="INLPF5TK6XC" time="0.832">
  <properties/>
  <testcase name="uploading sample audio returns the transcript the proxy responds with" classname="com.sidequest.data.transcription.TranscriptionProxyIntegrationTest" time="0.804">
    <failure message="io.kotest.assertions.AssertionFailedError: expected:&lt;Success(transcript=hello world)&gt; but was:&lt;Failure&gt;" type="io.kotest.assertions.AssertionFailedError">io.kotest.assertions.AssertionFailedError: expected:&lt;Success(transcript=hello world)&gt; but was:&lt;Failure&gt;
	at app//com.sidequest.data.transcription.TranscriptionProxyIntegrationTest$1$1$1.invokeSuspend(TranscriptionProxyIntegrationTest.kt:72)
	at app//kotlin.coroutines.jvm.internal.BaseContinuationImpl.resumeWith(ContinuationImpl.kt:33)
	at app//kotlinx.coroutines.internal.ScopeCoroutine.afterResume(Scopes.kt:28)
	at app//kotlinx.coroutines.AbstractCoroutine.resumeWith(AbstractCoroutine.kt:100)
	at app//kotlin.coroutines.jvm.internal.BaseContinuationImpl.resumeWith(ContinuationImpl.kt:46)
	at app//kotlinx.coroutines.DispatchedTask.run(DispatchedTask.kt:99)
	at app//kotlinx.coroutines.test.TestDispatcher.processEvent$kotlinx_coroutines_test(TestDispatcher.kt:24)
	at app//kotlinx.coroutines.test.TestCoroutineScheduler.tryRunNextTaskUnless$kotlinx_coroutines_test(TestCoroutineScheduler.kt:99)
	at app//kotlinx.coroutines.test.TestBuildersKt__TestBuildersKt$runTest$2$1$workRunner$1.invokeSuspend(TestBuilders.kt:327)
	at app//kotlin.coroutines.jvm.internal.BaseContinuationImpl.resumeWith(ContinuationImpl.kt:33)
	at app//kotlinx.coroutines.DispatchedTask.run(DispatchedTask.kt:101)
	at app//kotlinx.coroutines.EventLoopImplBase.processNextEvent(EventLoop.common.kt:263)
	at app//kotlinx.coroutines.BlockingCoroutine.joinBlocking(Builders.kt:95)
	at app//kotlinx.coroutines.BuildersKt__BuildersKt.runBlocking(Builders.kt:69)
	at app//kotlinx.coroutines.BuildersKt.runBlocking(Unknown Source)
	at app//kotlinx.coroutines.BuildersKt__BuildersKt.runBlocking$default(Builders.kt:47)
	at app//kotlinx.coroutines.BuildersKt.runBlocking$default(Unknown Source)
	at app//kotlinx.coroutines.test.TestBuildersJvmKt.createTestResult(TestBuildersJvm.kt:10)
	at app//kotlinx.coroutines.test.TestBuildersKt__TestBuildersKt.runTest-8Mi8wO0(TestBuilders.kt:310)
	at app//kotlinx.coroutines.test.TestBuildersKt.runTest-8Mi8wO0(Unknown Source)
	at app//kotlinx.coroutines.test.TestBuildersKt__TestBuildersKt.runTest-8Mi8wO0(TestBuilders.kt:168)
	at app//kotlinx.coroutines.test.TestBuildersKt.runTest-8Mi8wO0(Unknown Source)
	at app//kotlinx.coroutines.test.TestBuildersKt__TestBuildersKt.runTest-8Mi8wO0$default(TestBuilders.kt:160)
	at app//kotlinx.coroutines.test.TestBuildersKt.runTest-8Mi8wO0$default(Unknown Source)
	at app//com.sidequest.data.transcription.TranscriptionProxyIntegrationTest$1$1.invokeSuspend(TranscriptionProxyIntegrationTest.kt:59)
	at app//com.sidequest.data.transcription.TranscriptionProxyIntegrationTest$1$1.invoke(TranscriptionProxyIntegrationTest.kt)
	at app//com.sidequest.data.transcription.TranscriptionProxyIntegrationTest$1$1.invoke(TranscriptionProxyIntegrationTest.kt)
	at app//io.kotest.core.spec.style.scopes.StringSpecRootScope$invoke$1.invokeSuspend(StringSpecRootScope.kt:71)
	at app//io.kotest.core.spec.style.scopes.StringSpecRootScope$invoke$1.invoke(StringSpecRootScope.kt)
	at app//io.kotest.core.spec.style.scopes.StringSpecRootScope$invoke$1.invoke(StringSpecRootScope.kt)
	at app//io.kotest.core.spec.style.scopes.RootScopeKt$addTest$1.invokeSuspend(RootScope.kt:36)
	at app//io.kotest.core.spec.style.scopes.RootScopeKt$addTest$1.invoke(RootScope.kt)
	at app//io.kotest.core.spec.style.scopes.RootScopeKt$addTest$1.invoke(RootScope.kt)
	at app//io.kotest.engine.test.TestCaseExecutor$execute$innerExecute$1.invokeSuspend(TestCaseExecutor.kt:91)
	at app//io.kotest.engine.test.TestCaseExecutor$execute$innerExecute$1.invoke(TestCaseExecutor.kt)
	at app//io.kotest.engine.test.TestCaseExecutor$execute$innerExecute$1.invoke(TestCaseExecutor.kt)
	at app//io.kotest.engine.test.interceptors.CoroutineDebugProbeInterceptor.intercept(CoroutineDebugProbeInterceptor.kt:29)
	at app//io.kotest.engine.test.TestCaseExecutor$execute$3$1.invokeSuspend(TestCaseExecutor.kt:100)
	at app//io.kotest.engine.test.TestCaseExecutor$execute$3$1.invoke(TestCaseExecutor.kt)
	at app//io.kotest.engine.test.TestCaseExecutor$execute$3$1.invoke(TestCaseExecutor.kt)
	at app//io.kotest.engine.test.TestInvocationInterceptor$runBeforeTestAfter$executeWithBeforeAfter$1.invokeSuspend(TestInvocationInterceptor.kt:63)
	at app//io.kotest.engine.test.TestInvocationInterceptor$runBeforeTestAfter$executeWithBeforeAfter$1.invoke(TestInvocationInterceptor.kt)
	at app//io.kotest.engine.test.TestInvocationInterceptor$runBeforeTestAfter$executeWithBeforeAfter$1.invoke(TestInvocationInterceptor.kt)
	at app//io.kotest.engine.test.interceptors.InvocationTimeoutInterceptor$intercept$3.invokeSuspend(InvocationTimeoutInterceptor.kt:43)
	at app//io.kotest.engine.test.interceptors.InvocationTimeoutInterceptor$intercept$3.invoke(InvocationTimeoutInterceptor.kt)
	at app//io.kotest.engine.test.interceptors.InvocationTimeoutInterceptor$intercept$3.invoke(InvocationTimeoutInterceptor.kt)
	at app//kotlinx.coroutines.intrinsics.UndispatchedKt.startUndispatchedOrReturnIgnoreTimeout(Undispatched.kt:53)
	at app//kotlinx.coroutines.TimeoutKt.setupTimeout(Timeout.kt:148)
	at app//kotlinx.coroutines.TimeoutKt.withTimeoutOrNull(Timeout.kt:104)
	at app//io.kotest.engine.test.interceptors.InvocationTimeoutInterceptor.intercept(InvocationTimeoutInterceptor.kt:42)
	at app//io.kotest.engine.test.TestInvocationInterceptor$runBeforeTestAfter$wrappedTest$1$1.invokeSuspend(TestInvocationInterceptor.kt:70)
	at app//io.kotest.engine.test.TestInvocationInterceptor$runBeforeTestAfter$wrappedTest$1$1.invoke(TestInvocationInterceptor.kt)
	at app//io.kotest.engine.test.TestInvocationInterceptor$runBeforeTestAfter$wrappedTest$1$1.invoke(TestInvocationInterceptor.kt)
	at app//io.kotest.engine.test.TestInvocationInterceptor.runBeforeTestAfter(TestInvocationInterceptor.kt:73)
	at app//io.kotest.engine.test.TestInvocationInterceptor.access$runBeforeTestAfter(TestInvocationInterceptor.kt:14)
	at app//io.kotest.engine.test.TestInvocationInterceptor$intercept$2$1.invokeSuspend(TestInvocationInterceptor.kt:36)
	at app//io.kotest.engine.test.TestInvocationInterceptor$intercept$2$1.invoke(TestInvocationInterceptor.kt)
	at app//io.kotest.engine.test.TestInvocationInterceptor$intercept$2$1.invoke(TestInvocationInterceptor.kt)
	at app//io.kotest.mpp.ReplayKt.replay(replay.kt:15)
	at app//io.kotest.engine.test.TestInvocationInterceptor$intercept$2.invokeSuspend(TestInvocationInterceptor.kt:32)
	at app//io.kotest.engine.test.TestInvocationInterceptor$intercept$2.invoke(TestInvocationInterceptor.kt)
	at app//io.kotest.engine.test.TestInvocationInterceptor$intercept$2.invoke(TestInvocationInterceptor.kt)
	at app//kotlinx.coroutines.intrinsics.UndispatchedKt.startUndispatchedOrReturn(Undispatched.kt:42)
	at app//kotlinx.coroutines.CoroutineScopeKt.coroutineScope(CoroutineScope.kt:261)
	at app//io.kotest.engine.test.TestInvocationInterceptor.intercept(TestInvocationInterceptor.kt:31)
	at app//io.kotest.engine.test.TestCaseExecutor$execute$3$1.invokeSuspend(TestCaseExecutor.kt:100)
	at app//io.kotest.engine.test.TestCaseExecutor$execute$3$1.invoke(TestCaseExecutor.kt)
	at app//io.kotest.engine.test.TestCaseExecutor$execute$3$1.invoke(TestCaseExecutor.kt)
	at app//io.kotest.engine.interceptors.MarkAbortedExceptionsAsSkippedTestInterceptor.intercept(MarkAbortedExceptionsAsSkippedTestInterceptor.kt:23)
	at app//io.kotest.engine.test.TestCaseExecutor$execute$3$1.invokeSuspend(TestCaseExecutor.kt:100)
	at app//io.kotest.engine.test.TestCaseExecutor$execute$3$1.invoke(TestCaseExecutor.kt)
	at app//io.kotest.engine.test.TestCaseExecutor$execute$3$1.invoke(TestCaseExecutor.kt)
	at app//io.kotest.engine.test.interceptors.ExpectExceptionTestInterceptor.intercept(ExpectExceptionTestInterceptor.kt:18)
	at app//io.kotest.engine.test.TestCaseExecutor$execute$3$1.invokeSuspend(TestCaseExecutor.kt:100)
	at app//io.kotest.engine.test.TestCaseExecutor$execute$3$1.invoke(TestCaseExecutor.kt)
	at app//io.kotest.engine.test.TestCaseExecutor$execute$3$1.invoke(TestCaseExecutor.kt)
	at app//io.kotest.engine.test.interceptors.TimeoutInterceptor.intercept(TimeoutInterceptor.kt:33)
	at app//io.kotest.engine.test.TestCaseExecutor$execute$3$1.invokeSuspend(TestCaseExecutor.kt:100)
	at app//io.kotest.engine.test.TestCaseExecutor$execute$3$1.invoke(TestCaseExecutor.kt)
	at app//io.kotest.engine.test.TestCaseExecutor$execute$3$1.invoke(TestCaseExecutor.kt)
	at app//io.kotest.engine.test.interceptors.BlockedThreadTimeoutInterceptor.intercept(BlockedThreadTimeoutInterceptor.kt:79)
	at app//io.kotest.engine.test.TestCaseExecutor$execute$3$1.invokeSuspend(TestCaseExecutor.kt:100)
	at app//io.kotest.engine.test.TestCaseExecutor$execute$3$1.invoke(TestCaseExecutor.kt)
	at app//io.kotest.engine.test.TestCaseExecutor$execute$3$1.invoke(TestCaseExecutor.kt)
	at app//io.kotest.engine.test.interceptors.CoroutineLoggingInterceptor.intercept(CoroutineLoggingInterceptor.kt:30)
	at app//io.kotest.engine.test.TestCaseExecutor$execute$3$1.invokeSuspend(TestCaseExecutor.kt:100)
	at app//io.kotest.engine.test.TestCaseExecutor$execute$3$1.invoke(TestCaseExecutor.kt)
	at app//io.kotest.engine.test.TestCaseExecutor$execute$3$1.invoke(TestCaseExecutor.kt)
	at app//io.kotest.engine.test.interceptors.SoftAssertInterceptor.intercept(SoftAssertInterceptor.kt:27)
	at app//io.kotest.engine.test.TestCaseExecutor$execute$3$1.invokeSuspend(TestCaseExecutor.kt:100)
	at app//io.kotest.engine.test.TestCaseExecutor$execute$3$1.invoke(TestCaseExecutor.kt)
	at app//io.kotest.engine.test.TestCaseExecutor$execute$3$1.invoke(TestCaseExecutor.kt)
	at app//io.kotest.engine.test.interceptors.AssertionModeInterceptor.intercept(AssertionModeInterceptor.kt:25)
	at app//io.kotest.engine.test.TestCaseExecutor$execute$3$1.invokeSuspend(TestCaseExecutor.kt:100)
	at app//io.kotest.engine.test.TestCaseExecutor$execute$3$1.invoke(TestCaseExecutor.kt)
	at app//io.kotest.engine.test.TestCaseExecutor$execute$3$1.invoke(TestCaseExecutor.kt)
	at app//io.kotest.engine.test.interceptors.LifecycleInterceptor.intercept(LifecycleInterceptor.kt:50)
	at app//io.kotest.engine.test.TestCaseExecutor$execute$3$1.invokeSuspend(TestCaseExecutor.kt:100)
	at app//io.kotest.engine.test.TestCaseExecutor$execute$3$1.invoke(TestCaseExecutor.kt)
	at app//io.kotest.engine.test.TestCaseExecutor$execute$3$1.invoke(TestCaseExecutor.kt)
	at app//io.kotest.engine.test.interceptors.TestCaseExtensionInterceptor$intercept$2.invokeSuspend(TestCaseExtensionInterceptor.kt:24)
	at app//io.kotest.engine.test.interceptors.TestCaseExtensionInterceptor$intercept$2.invoke(TestCaseExtensionInterceptor.kt)
	at app//io.kotest.engine.test.interceptors.TestCaseExtensionInterceptor$intercept$2.invoke(TestCaseExtensionInterceptor.kt)
	at app//io.kotest.engine.test.TestExtensions.intercept(TestExtensions.kt:148)
	at app//io.kotest.engine.test.interceptors.TestCaseExtensionInterceptor.intercept(TestCaseExtensionInterceptor.kt:24)
	at app//io.kotest.engine.test.TestCaseExecutor$execute$3$1.invokeSuspend(TestCaseExecutor.kt:100)
	at app//io.kotest.engine.test.TestCaseExecutor$execute$3$1.invoke(TestCaseExecutor.kt)
	at app//io.kotest.engine.test.TestCaseExecutor$execute$3$1.invoke(TestCaseExecutor.kt)
	at app//io.kotest.engine.test.interceptors.BeforeSpecListenerInterceptor$intercept$runTest$1$4$1.invokeSuspend(BeforeSpecListenerInterceptor.kt:50)
	at app//io.kotest.engine.test.interceptors.BeforeSpecListenerInterceptor$intercept$runTest$1$4$1.invoke(BeforeSpecListenerInterceptor.kt)
	at app//io.kotest.engine.test.interceptors.BeforeSpecListenerInterceptor$intercept$runTest$1$4$1.invoke(BeforeSpecListenerInterceptor.kt)
	at app//io.kotest.engine.test.interceptors.BeforeSpecListenerInterceptor.intercept(BeforeSpecListenerInterceptor.kt:60)
	at app//io.kotest.engine.test.TestCaseExecutor$execute$3$1.invokeSuspend(TestCaseExecutor.kt:100)
	at app//io.kotest.engine.test.TestCaseExecutor$execute$3$1.invoke(TestCaseExecutor.kt)
	at app//io.kotest.engine.test.TestCaseExecutor$execute$3$1.invoke(TestCaseExecutor.kt)
	at app//io.kotest.engine.test.interceptors.TestEnabledCheckInterceptor.intercept(TestEnabledCheckInterceptor.kt:31)
	at app//io.kotest.engine.test.TestCaseExecutor$execute$3$1.invokeSuspend(TestCaseExecutor.kt:100)
	at app//io.kotest.engine.test.TestCaseExecutor$execute$3$1.invoke(TestCaseExecutor.kt)
	at app//io.kotest.engine.test.TestCaseExecutor$execute$3$1.invoke(TestCaseExecutor.kt)
	at app//io.kotest.engine.test.interceptors.CoroutineErrorCollectorInterceptor$intercept$3.invokeSuspend(CoroutineErrorCollectorInterceptor.kt:34)
	at app//io.kotest.engine.test.interceptors.CoroutineErrorCollectorInterceptor$intercept$3.invoke(CoroutineErrorCollectorInterceptor.kt)
	at app//io.kotest.engine.test.interceptors.CoroutineErrorCollectorInterceptor$intercept$3.invoke(CoroutineErrorCollectorInterceptor.kt)
	at app//kotlinx.coroutines.intrinsics.UndispatchedKt.startUndispatchedOrReturn(Undispatched.kt:42)
	at app//kotlinx.coroutines.BuildersKt__Builders_commonKt.withContext(Builders.common.kt:164)
	at app//kotlinx.coroutines.BuildersKt.withContext(Unknown Source)
	at app//io.kotest.engine.test.interceptors.CoroutineErrorCollectorInterceptor.intercept(CoroutineErrorCollectorInterceptor.kt:33)
	at app//io.kotest.engine.test.TestCaseExecutor$execute$3$1.invokeSuspend(TestCaseExecutor.kt:100)
	at app//io.kotest.engine.test.TestCaseExecutor$execute$3$1.invoke(TestCaseExecutor.kt)
	at app//io.kotest.engine.test.TestCaseExecutor$execute$3$1.invoke(TestCaseExecutor.kt)
	at app//io.kotest.engine.test.interceptors.CoroutineDispatcherFactoryInterceptor$intercept$4.invokeSuspend(coroutineDispatcherFactoryInterceptor.kt:57)
	at app//io.kotest.engine.test.interceptors.CoroutineDispatcherFactoryInterceptor$intercept$4.invoke(coroutineDispatcherFactoryInterceptor.kt)
	at app//io.kotest.engine.test.interceptors.CoroutineDispatcherFactoryInterceptor$intercept$4.invoke(coroutineDispatcherFactoryInterceptor.kt)
	at app//io.kotest.engine.concurrency.FixedThreadCoroutineDispatcherFactory$withDispatcher$4.invokeSuspend(FixedThreadCoroutineDispatcherFactory.kt:59)
	at app//kotlin.coroutines.jvm.internal.BaseContinuationImpl.resumeWith(ContinuationImpl.kt:33)
	at app//kotlinx.coroutines.DispatchedTask.run(DispatchedTask.kt:101)
	at java.base@17.0.11/java.util.concurrent.ThreadPoolExecutor.runWorker(ThreadPoolExecutor.java:1136)
	at java.base@17.0.11/java.util.concurrent.ThreadPoolExecutor$Worker.run(ThreadPoolExecutor.java:635)
	at java.base@17.0.11/java.lang.Thread.run(Thread.java:840)
</failure>
  </testcase>
  <testcase name="a proxy error response is mapped to a transcription failure" classname="com.sidequest.data.transcription.TranscriptionProxyIntegrationTest" time="0.027"/>
  <system-out><![CDATA[]]></system-out>
  <system-err><![CDATA[]]></system-err>
</testsuite>
