<?xml version="1.0" encoding="UTF-8"?>
<testsuite name="com.sidequest.ui.reminder.NotificationPermissionViewModelTest" tests="4" skipped="0" failures="0" errors="0" timestamp="2026-06-29T18:05:07" hostname="INLPF5TK6XC" time="0.062">
  <properties/>
  <testcase name="requests permission on first launch when never requested and not granted" classname="com.sidequest.ui.reminder.NotificationPermissionViewModelTest" time="0.034"/>
  <testcase name="does not request when the permission is already granted" classname="com.sidequest.ui.reminder.NotificationPermissionViewModelTest" time="0.013"/>
  <testcase name="does not request again once it has been requested on a previous launch" classname="com.sidequest.ui.reminder.NotificationPermissionViewModelTest" time="0.01"/>
  <testcase name="recording a result marks the request as made so it never fires again" classname="com.sidequest.ui.reminder.NotificationPermissionViewModelTest" time="0.003"/>
  <system-out><![CDATA[]]></system-out>
  <system-err><![CDATA[]]></system-err>
</testsuite>
