<?xml version="1.0" encoding="UTF-8"?>
<testsuite name="com.sidequest.ui.capture.ShareTargetManifestSmokeTest" tests="3" skipped="0" failures="0" errors="0" timestamp="2026-06-29T18:05:07" hostname="INLPF5TK6XC" time="5.116">
  <properties/>
  <testcase name="shareTarget_isRegistered_forVideoReferences" classname="com.sidequest.ui.capture.ShareTargetManifestSmokeTest" time="5.052"/>
  <testcase name="shareTarget_isRegistered_forPlainTextAndLinks" classname="com.sidequest.ui.capture.ShareTargetManifestSmokeTest" time="0.036"/>
  <testcase name="shareTarget_isRegistered_forImages" classname="com.sidequest.ui.capture.ShareTargetManifestSmokeTest" time="0.028"/>
  <system-out><![CDATA[]]></system-out>
  <system-err><![CDATA[]]></system-err>
</testsuite>
