<?xml version="1.0" encoding="UTF-8"?>
<testsuite name="com.sidequest.ui.reminder.ReminderSettingsViewModelTest" tests="3" skipped="0" failures="0" errors="0" timestamp="2026-06-29T18:05:07" hostname="INLPF5TK6XC" time="0.023">
  <properties/>
  <testcase name="enabling reminders persists and schedules" classname="com.sidequest.ui.reminder.ReminderSettingsViewModelTest" time="0.016"/>
  <testcase name="disabling reminders persists and cancels (applies disabled settings)" classname="com.sidequest.ui.reminder.ReminderSettingsViewModelTest" time="0.002"/>
  <testcase name="changing the time persists and reschedules for the new local time" classname="com.sidequest.ui.reminder.ReminderSettingsViewModelTest" time="0.003"/>
  <system-out><![CDATA[]]></system-out>
  <system-err><![CDATA[]]></system-err>
</testsuite>
