<?xml version="1.0" encoding="UTF-8"?>
<testsuite name="com.sidequest.data.repository.VoiceJournalRepositoryExtractionTriggerTest" tests="2" skipped="0" failures="0" errors="0" timestamp="2026-06-29T18:05:05" hostname="INLPF5TK6XC" time="0.38">
  <properties/>
  <testcase name="a generated transcript triggers LLM extraction with that transcript" classname="com.sidequest.data.repository.VoiceJournalRepositoryExtractionTriggerTest" time="0.362"/>
  <testcase name="an entry with no transcript never triggers LLM extraction" classname="com.sidequest.data.repository.VoiceJournalRepositoryExtractionTriggerTest" time="0.016"/>
  <system-out><![CDATA[]]></system-out>
  <system-err><![CDATA[]]></system-err>
</testsuite>
