<?xml version="1.0" encoding="UTF-8"?>
<testsuite name="com.sidequest.domain.board.StatusIndicatorColorPropertyTest" tests="2" skipped="0" failures="0" errors="0" timestamp="2026-06-29T19:01:17" hostname="INLPF5TK6XC" time="0.035">
  <properties/>
  <testcase name="Property 10: each board item's color equals its bucket's color for its current status" classname="com.sidequest.domain.board.StatusIndicatorColorPropertyTest" time="0.013"/>
  <testcase name="Property 10: color tracks the new status immediately after a status change" classname="com.sidequest.domain.board.StatusIndicatorColorPropertyTest" time="0.021"/>
  <system-out><![CDATA[]]></system-out>
  <system-err><![CDATA[]]></system-err>
</testsuite>
