<?xml version="1.0" encoding="UTF-8"?>
<testsuite name="com.sidequest.domain.capture.UnsupportedContentPropertyTest" tests="1" skipped="0" failures="0" errors="0" timestamp="2026-06-29T18:04:15" hostname="INLPF5TK6XC" time="0.032">
  <properties/>
  <testcase name="Property 1: unsupported content classifies as Unsupported and is never persisted" classname="com.sidequest.domain.capture.UnsupportedContentPropertyTest" time="0.032"/>
  <system-out><![CDATA[]]></system-out>
  <system-err><![CDATA[]]></system-err>
</testsuite>
