<?xml version="1.0" encoding="UTF-8"?>
<testsuite name="com.sidequest.domain.bucket.BucketDeletionTest" tests="4" skipped="0" failures="0" errors="0" timestamp="2026-06-29T19:01:18" hostname="INLPF5TK6XC" time="0.009">
  <properties/>
  <testcase name="reassign moves all contained items to the target bucket and empties the source" classname="com.sidequest.domain.bucket.BucketDeletionTest" time="0.004"/>
  <testcase name="delete removes exactly the contained items and decreases the count by that amount" classname="com.sidequest.domain.bucket.BucketDeletionTest" time="0.001"/>
  <testcase name="deleting an empty bucket leaves all items unchanged" classname="com.sidequest.domain.bucket.BucketDeletionTest" time="0.001"/>
  <testcase name="reassigning a bucket with no items is a no-op" classname="com.sidequest.domain.bucket.BucketDeletionTest" time="0.001"/>
  <system-out><![CDATA[]]></system-out>
  <system-err><![CDATA[]]></system-err>
</testsuite>
