<?xml version="1.0" encoding="UTF-8"?>
<testsuite name="com.actiontracker.domain.board.BoardAggregationTest" tests="9" skipped="0" failures="0" errors="0" timestamp="2026-06-25T22:40:57" hostname="INLPF5TK6XC" time="0.041">
  <properties/>
  <testcase name="statusColor resolves each status to the bucket's configured color" classname="com.actiontracker.domain.board.BoardAggregationTest" time="0.005"/>
  <testcase name="buildBoard groups items by bucket with no loss" classname="com.actiontracker.domain.board.BoardAggregationTest" time="0.025"/>
  <testcase name="buildBoard includes buckets with no items as empty groups" classname="com.actiontracker.domain.board.BoardAggregationTest" time="0.0"/>
  <testcase name="buildBoard surfaces items whose bucket is unknown so none are lost" classname="com.actiontracker.domain.board.BoardAggregationTest" time="0.001"/>
  <testcase name="buildBoard sorts items ascending by createdAt within a group" classname="com.actiontracker.domain.board.BoardAggregationTest" time="0.001"/>
  <testcase name="buildBoard uses a stable sort for equal createdAt" classname="com.actiontracker.domain.board.BoardAggregationTest" time="0.0"/>
  <testcase name="buildBoard resolves each item's status color from its bucket" classname="com.actiontracker.domain.board.BoardAggregationTest" time="0.0"/>
  <testcase name="buildBoard counts completed items across all groups" classname="com.actiontracker.domain.board.BoardAggregationTest" time="0.001"/>
  <testcase name="buildBoard on empty inputs yields no groups and zero completion count" classname="com.actiontracker.domain.board.BoardAggregationTest" time="0.001"/>
  <system-out><![CDATA[]]></system-out>
  <system-err><![CDATA[]]></system-err>
</testsuite>
