<?xml version="1.0" encoding="UTF-8"?>
<testsuite name="com.actiontracker.domain.capture.ConfirmCapturePropertyTest" tests="1" skipped="0" failures="0" errors="0" timestamp="2026-06-25T22:40:58" hostname="INLPF5TK6XC" time="0.038">
  <properties/>
  <testcase name="Property 2: confirming capture creates a not-started item preserving its bucket and timeframe" classname="com.actiontracker.domain.capture.ConfirmCapturePropertyTest" time="0.038"/>
  <system-out><![CDATA[]]></system-out>
  <system-err><![CDATA[]]></system-err>
</testsuite>
