<?xml version="1.0" encoding="UTF-8"?>
<testsuite name="com.sidequest.domain.plan.SubActionReorderingPropertyTest" tests="1" skipped="0" failures="0" errors="0" timestamp="2026-06-29T19:01:18" hostname="INLPF5TK6XC" time="0.024">
  <properties/>
  <testcase name="Property 18: reorder preserves the sub-action set, yields contiguous order, and fronts the requested ids" classname="com.sidequest.domain.plan.SubActionReorderingPropertyTest" time="0.024"/>
  <system-out><![CDATA[]]></system-out>
  <system-err><![CDATA[]]></system-err>
</testsuite>
