<?xml version="1.0" encoding="UTF-8"?>
<testsuite name="com.sidequest.domain.bucket.BucketNameUniquenessPropertyTest" tests="2" skipped="0" failures="0" errors="0" timestamp="2026-06-29T18:04:15" hostname="INLPF5TK6XC" time="0.046">
  <properties/>
  <testcase name="Property 5: creating a bucket with an existing normalized name is rejected and leaves buckets unchanged" classname="com.sidequest.domain.bucket.BucketNameUniquenessPropertyTest" time="0.033"/>
  <testcase name="Property 5: creating a bucket with a genuinely new normalized name is accepted" classname="com.sidequest.domain.bucket.BucketNameUniquenessPropertyTest" time="0.012"/>
  <system-out><![CDATA[]]></system-out>
  <system-err><![CDATA[]]></system-err>
</testsuite>
