<?xml version="1.0" encoding="UTF-8"?>
<testsuite name="com.actiontracker.domain.transcription.TranscriptionOutcomePropertyTest" tests="1" skipped="0" failures="0" errors="0" timestamp="2026-06-24T16:11:29" hostname="INLPF5TK6XC" time="0.024">
  <properties/>
  <testcase name="Property 20: transcription outcomes are stored correctly" classname="com.actiontracker.domain.transcription.TranscriptionOutcomePropertyTest" time="0.024"/>
  <system-out><![CDATA[]]></system-out>
  <system-err><![CDATA[]]></system-err>
</testsuite>
