<?xml version="1.0" encoding="UTF-8"?>
<testsuite name="com.actiontracker.domain.board.BoardPartitioningPropertyTest" tests="1" skipped="0" failures="0" errors="0" timestamp="2026-06-25T22:40:57" hostname="INLPF5TK6XC" time="0.065">
  <properties/>
  <testcase name="Property 8: every input item appears exactly once and matches its group's bucket" classname="com.actiontracker.domain.board.BoardPartitioningPropertyTest" time="0.065"/>
  <system-out><![CDATA[]]></system-out>
  <system-err><![CDATA[]]></system-err>
</testsuite>
