<?xml version="1.0" encoding="UTF-8"?>
<testsuite name="com.sidequest.domain.plan.MarkCompletePromptPropertyTest" tests="2" skipped="0" failures="0" errors="0" timestamp="2026-06-30T21:03:24" hostname="INLPF5TK6XC" time="0.035">
  <properties/>
  <testcase name="Property 17: prompt is shown iff all sub-actions of a non-empty plan are completed" classname="com.sidequest.domain.plan.MarkCompletePromptPropertyTest" time="0.033"/>
  <testcase name="Property 17: an empty plan never prompts for parent completion" classname="com.sidequest.domain.plan.MarkCompletePromptPropertyTest" time="0.0"/>
  <system-out><![CDATA[]]></system-out>
  <system-err><![CDATA[]]></system-err>
</testsuite>
