<?xml version="1.0" encoding="UTF-8"?>
<testsuite name="com.actiontracker.domain.plan.SubActionProgressCountPropertyTest" tests="1" skipped="0" failures="0" errors="0" timestamp="2026-06-24T13:07:25" hostname="INLPF5TK6XC" time="0.069">
  <properties/>
  <testcase name="Property 16: progress completed equals completed sub-actions and total equals sub-action count" classname="com.actiontracker.domain.plan.SubActionProgressCountPropertyTest" time="0.069"/>
  <system-out><![CDATA[]]></system-out>
  <system-err><![CDATA[]]></system-err>
</testsuite>
