<?xml version="1.0" encoding="UTF-8"?>
<testsuite name="com.actiontracker.domain.preview.ResolvedPreviewPropertyTest" tests="1" skipped="0" failures="0" errors="0" timestamp="2026-06-24T13:07:25" hostname="INLPF5TK6XC" time="0.089">
  <properties/>
  <testcase name="Property 3: a resolved link preview is stored faithfully" classname="com.actiontracker.domain.preview.ResolvedPreviewPropertyTest" time="0.089"/>
  <system-out><![CDATA[]]></system-out>
  <system-err><![CDATA[]]></system-err>
</testsuite>
