<?xml version="1.0" encoding="UTF-8"?>
<testsuite name="com.sidequest.domain.capture.SpecificDateTimeframePropertyTest" tests="1" skipped="0" failures="0" errors="0" timestamp="2026-06-30T21:03:24" hostname="INLPF5TK6XC" time="0.029">
  <properties/>
  <testcase name="Property 7: specific-date timeframes are valid iff the date is today or later" classname="com.sidequest.domain.capture.SpecificDateTimeframePropertyTest" time="0.029"/>
  <system-out><![CDATA[]]></system-out>
  <system-err><![CDATA[]]></system-err>
</testsuite>
