<?xml version="1.0" encoding="UTF-8"?>
<testsuite name="com.actiontracker.domain.board.CompletionCounterPropertyTest" tests="1" skipped="0" failures="0" errors="0" timestamp="2026-06-25T22:40:57" hostname="INLPF5TK6XC" time="0.03">
  <properties/>
  <testcase name="Property 11: the completion counter equals the number of completed items after any sequence of status changes" classname="com.actiontracker.domain.board.CompletionCounterPropertyTest" time="0.03"/>
  <system-out><![CDATA[]]></system-out>
  <system-err><![CDATA[]]></system-err>
</testsuite>
