<?xml version="1.0" encoding="UTF-8"?>
<testsuite name="com.sidequest.domain.transcription.TranscriptionOutcomePropertyTest" tests="1" skipped="0" failures="0" errors="0" timestamp="2026-06-29T18:04:16" hostname="INLPF5TK6XC" time="0.034">
  <properties/>
  <testcase name="Property 20: transcription outcomes are stored correctly" classname="com.sidequest.domain.transcription.TranscriptionOutcomePropertyTest" time="0.034"/>
  <system-out><![CDATA[]]></system-out>
  <system-err><![CDATA[]]></system-err>
</testsuite>
