<?xml version="1.0" encoding="UTF-8"?>
<testsuite name="com.actiontracker.domain.preview.UnresolvedPreviewPropertyTest" tests="1" skipped="0" failures="0" errors="0" timestamp="2026-06-24T16:11:29" hostname="INLPF5TK6XC" time="0.034">
  <properties/>
  <testcase name="Property 4: an unresolved preview falls back to the raw link without blocking capture" classname="com.actiontracker.domain.preview.UnresolvedPreviewPropertyTest" time="0.034"/>
  <system-out><![CDATA[]]></system-out>
  <system-err><![CDATA[]]></system-err>
</testsuite>
