<?xml version="1.0" encoding="UTF-8"?>
<testsuite name="com.sidequest.domain.sync.ConflictResolutionPropertyTest" tests="4" skipped="0" failures="0" errors="0" timestamp="2026-06-29T18:04:16" hostname="INLPF5TK6XC" time="0.051">
  <properties/>
  <testcase name="Property 32: the winner has the greater updatedAt" classname="com.sidequest.domain.sync.ConflictResolutionPropertyTest" time="0.013"/>
  <testcase name="Property 32: resolution is order-independent (commutative)" classname="com.sidequest.domain.sync.ConflictResolutionPropertyTest" time="0.009"/>
  <testcase name="Property 32: resolution is deterministic (repeatable)" classname="com.sidequest.domain.sync.ConflictResolutionPropertyTest" time="0.018"/>
  <testcase name="Property 32: winner and loser are exactly the two inputs" classname="com.sidequest.domain.sync.ConflictResolutionPropertyTest" time="0.008"/>
  <system-out><![CDATA[]]></system-out>
  <system-err><![CDATA[]]></system-err>
</testsuite>
