<?xml version="1.0" encoding="UTF-8"?>
<testsuite name="com.actiontracker.domain.sync.ConflictResolutionPropertyTest" tests="4" skipped="0" failures="0" errors="0" timestamp="2026-06-24T16:11:29" hostname="INLPF5TK6XC" time="0.063">
  <properties/>
  <testcase name="Property 32: the winner has the greater updatedAt" classname="com.actiontracker.domain.sync.ConflictResolutionPropertyTest" time="0.017"/>
  <testcase name="Property 32: resolution is order-independent (commutative)" classname="com.actiontracker.domain.sync.ConflictResolutionPropertyTest" time="0.012"/>
  <testcase name="Property 32: resolution is deterministic (repeatable)" classname="com.actiontracker.domain.sync.ConflictResolutionPropertyTest" time="0.016"/>
  <testcase name="Property 32: winner and loser are exactly the two inputs" classname="com.actiontracker.domain.sync.ConflictResolutionPropertyTest" time="0.015"/>
  <system-out><![CDATA[]]></system-out>
  <system-err><![CDATA[]]></system-err>
</testsuite>
