<?xml version="1.0" encoding="UTF-8"?>
<testsuite name="com.actiontracker.domain.wishlist.PurchasedCompletionPropertyTest" tests="1" skipped="0" failures="0" errors="0" timestamp="2026-06-24T13:07:26" hostname="INLPF5TK6XC" time="0.023">
  <properties/>
  <testcase name="Property 15: marking a wishlist item purchased completes it" classname="com.actiontracker.domain.wishlist.PurchasedCompletionPropertyTest" time="0.023"/>
  <system-out><![CDATA[]]></system-out>
  <system-err><![CDATA[]]></system-err>
</testsuite>
