<?xml version="1.0" encoding="UTF-8"?>
<testsuite name="com.sidequest.domain.reminder.DailyDueSetPropertyTest" tests="1" skipped="0" failures="0" errors="0" timestamp="2026-06-29T19:01:18" hostname="INLPF5TK6XC" time="0.025">
  <properties/>
  <testcase name="Property 12: dueOn returns exactly the items whose timeframe resolves to the target date" classname="com.sidequest.domain.reminder.DailyDueSetPropertyTest" time="0.025"/>
  <system-out><![CDATA[]]></system-out>
  <system-err><![CDATA[]]></system-err>
</testsuite>
