<?xml version="1.0" encoding="UTF-8"?>
<testsuite name="com.actiontracker.domain.plan.SubActionReorderingPropertyTest" tests="1" skipped="0" failures="0" errors="0" timestamp="2026-06-25T22:40:58" hostname="INLPF5TK6XC" time="0.019">
  <properties/>
  <testcase name="Property 18: reorder preserves the sub-action set, yields contiguous order, and fronts the requested ids" classname="com.actiontracker.domain.plan.SubActionReorderingPropertyTest" time="0.019"/>
  <system-out><![CDATA[]]></system-out>
  <system-err><![CDATA[]]></system-err>
</testsuite>
