<?xml version="1.0" encoding="UTF-8"?>
<testsuite name="com.actiontracker.domain.capture.UnsupportedContentPropertyTest" tests="1" skipped="0" failures="0" errors="0" timestamp="2026-06-24T13:07:25" hostname="INLPF5TK6XC" time="0.05">
  <properties/>
  <testcase name="Property 1: unsupported content classifies as Unsupported and is never persisted" classname="com.actiontracker.domain.capture.UnsupportedContentPropertyTest" time="0.05"/>
  <system-out><![CDATA[]]></system-out>
  <system-err><![CDATA[]]></system-err>
</testsuite>
