<?xml version="1.0" encoding="UTF-8"?>
<testsuite name="com.actiontracker.domain.capture.SpecificDateTimeframePropertyTest" tests="1" skipped="0" failures="0" errors="0" timestamp="2026-06-25T22:40:58" hostname="INLPF5TK6XC" time="0.014">
  <properties/>
  <testcase name="Property 7: specific-date timeframes are valid iff the date is today or later" classname="com.actiontracker.domain.capture.SpecificDateTimeframePropertyTest" time="0.014"/>
  <system-out><![CDATA[]]></system-out>
  <system-err><![CDATA[]]></system-err>
</testsuite>
