<?xml version="1.0" encoding="UTF-8"?>
<testsuite name="com.actiontracker.domain.bucket.BucketNameUniquenessPropertyTest" tests="2" skipped="0" failures="0" errors="0" timestamp="2026-06-24T16:11:28" hostname="INLPF5TK6XC" time="0.059">
  <properties/>
  <testcase name="Property 5: creating a bucket with an existing normalized name is rejected and leaves buckets unchanged" classname="com.actiontracker.domain.bucket.BucketNameUniquenessPropertyTest" time="0.037"/>
  <testcase name="Property 5: creating a bucket with a genuinely new normalized name is accepted" classname="com.actiontracker.domain.bucket.BucketNameUniquenessPropertyTest" time="0.021"/>
  <system-out><![CDATA[]]></system-out>
  <system-err><![CDATA[]]></system-err>
</testsuite>
