<?xml version="1.0" encoding="UTF-8"?>
<testsuite name="com.sidequest.domain.board.CompletionCounterPropertyTest" tests="1" skipped="0" failures="0" errors="0" timestamp="2026-06-29T18:04:15" hostname="INLPF5TK6XC" time="0.076">
  <properties/>
  <testcase name="Property 11: the completion counter equals the number of completed items after any sequence of status changes" classname="com.sidequest.domain.board.CompletionCounterPropertyTest" time="0.076"/>
  <system-out><![CDATA[]]></system-out>
  <system-err><![CDATA[]]></system-err>
</testsuite>
