<?xml version="1.0" encoding="UTF-8"?>
<testsuite name="com.sidequest.domain.voice.ConfirmationGatedCreationPropertyTest" tests="1" skipped="0" failures="0" errors="0" timestamp="2026-06-30T21:03:25" hostname="INLPF5TK6XC" time="0.069">
  <properties/>
  <testcase name="Property 19: actions are created only on confirmation, one per confirmed item, linked to the entry" classname="com.sidequest.domain.voice.ConfirmationGatedCreationPropertyTest" time="0.069"/>
  <system-out><![CDATA[]]></system-out>
  <system-err><![CDATA[]]></system-err>
</testsuite>
