<?xml version="1.0" encoding="UTF-8"?>
<testsuite name="com.actiontracker.domain.wishlist.WishlistMembershipPropertyTest" tests="1" skipped="0" failures="0" errors="0" timestamp="2026-06-24T13:07:26" hostname="INLPF5TK6XC" time="0.019">
  <properties/>
  <testcase name="Property 14: items in a shopping bucket are wishlist items" classname="com.actiontracker.domain.wishlist.WishlistMembershipPropertyTest" time="0.019"/>
  <system-out><![CDATA[]]></system-out>
  <system-err><![CDATA[]]></system-err>
</testsuite>
